[Mar 12 2016 13:56:51] ERROR_HANDLER 
Number:  8
Message: unserialize(): Error at offset 0 of 24 bytes
File:    /Datos/Proyectos/vgrant_knote/wordpress-vagrant/www/in-awe/wp-content/plugins/all-in-one-wp-migration/lib/vendor/mysqldump-factory/mysqldump-factory/lib/MysqlDumpUtility.php
Line:    59
-------------------------------------------- 
[Mar 12 2016 13:56:51] ERROR_HANDLER 
Number:  8
Message: unserialize(): Error at offset 0 of 24 bytes
File:    /Datos/Proyectos/vgrant_knote/wordpress-vagrant/www/in-awe/wp-content/plugins/all-in-one-wp-migration/lib/vendor/mysqldump-factory/mysqldump-factory/lib/MysqlDumpUtility.php
Line:    59
-------------------------------------------- 
[Mar 12 2016 13:56:51] ERROR_HANDLER 
Number:  8
Message: unserialize(): Error at offset 0 of 25 bytes
File:    /Datos/Proyectos/vgrant_knote/wordpress-vagrant/www/in-awe/wp-content/plugins/all-in-one-wp-migration/lib/vendor/mysqldump-factory/mysqldump-factory/lib/MysqlDumpUtility.php
Line:    59
-------------------------------------------- 
[Mar 12 2016 13:56:51] ERROR_HANDLER 
Number:  8
Message: unserialize(): Error at offset 0 of 30 bytes
File:    /Datos/Proyectos/vgrant_knote/wordpress-vagrant/www/in-awe/wp-content/plugins/all-in-one-wp-migration/lib/vendor/mysqldump-factory/mysqldump-factory/lib/MysqlDumpUtility.php
Line:    59
-------------------------------------------- 
[Mar 12 2016 13:56:51] ERROR_HANDLER 
Number:  8
Message: unserialize(): Error at offset 0 of 36 bytes
File:    /Datos/Proyectos/vgrant_knote/wordpress-vagrant/www/in-awe/wp-content/plugins/all-in-one-wp-migration/lib/vendor/mysqldump-factory/mysqldump-factory/lib/MysqlDumpUtility.php
Line:    59
-------------------------------------------- 
[Mar 12 2016 13:56:51] ERROR_HANDLER 
Number:  8
Message: unserialize(): Error at offset 0 of 175 bytes
File:    /Datos/Proyectos/vgrant_knote/wordpress-vagrant/www/in-awe/wp-content/plugins/all-in-one-wp-migration/lib/vendor/mysqldump-factory/mysqldump-factory/lib/MysqlDumpUtility.php
Line:    59
-------------------------------------------- 
[Mar 12 2016 13:56:51] ERROR_HANDLER 
Number:  8
Message: unserialize(): Error at offset 0 of 20 bytes
File:    /Datos/Proyectos/vgrant_knote/wordpress-vagrant/www/in-awe/wp-content/plugins/all-in-one-wp-migration/lib/vendor/mysqldump-factory/mysqldump-factory/lib/MysqlDumpUtility.php
Line:    59
-------------------------------------------- 
[Mar 12 2016 13:56:51] ERROR_HANDLER 
Number:  8
Message: unserialize(): Error at offset 0 of 22 bytes
File:    /Datos/Proyectos/vgrant_knote/wordpress-vagrant/www/in-awe/wp-content/plugins/all-in-one-wp-migration/lib/vendor/mysqldump-factory/mysqldump-factory/lib/MysqlDumpUtility.php
Line:    59
-------------------------------------------- 
[Mar 12 2016 13:56:51] ERROR_HANDLER 
Number:  8
Message: unserialize(): Error at offset 0 of 30 bytes
File:    /Datos/Proyectos/vgrant_knote/wordpress-vagrant/www/in-awe/wp-content/plugins/all-in-one-wp-migration/lib/vendor/mysqldump-factory/mysqldump-factory/lib/MysqlDumpUtility.php
Line:    59
-------------------------------------------- 
[Mar 12 2016 13:56:51] ERROR_HANDLER 
Number:  8
Message: unserialize(): Error at offset 0 of 38 bytes
File:    /Datos/Proyectos/vgrant_knote/wordpress-vagrant/www/in-awe/wp-content/plugins/all-in-one-wp-migration/lib/vendor/mysqldump-factory/mysqldump-factory/lib/MysqlDumpUtility.php
Line:    59
-------------------------------------------- 
[Mar 12 2016 13:56:51] ERROR_HANDLER 
Number:  8
Message: unserialize(): Error at offset 0 of 117 bytes
File:    /Datos/Proyectos/vgrant_knote/wordpress-vagrant/www/in-awe/wp-content/plugins/all-in-one-wp-migration/lib/vendor/mysqldump-factory/mysqldump-factory/lib/MysqlDumpUtility.php
Line:    59
-------------------------------------------- 
[Mar 12 2016 13:56:51] ERROR_HANDLER 
Number:  8
Message: unserialize(): Error at offset 0 of 12 bytes
File:    /Datos/Proyectos/vgrant_knote/wordpress-vagrant/www/in-awe/wp-content/plugins/all-in-one-wp-migration/lib/vendor/mysqldump-factory/mysqldump-factory/lib/MysqlDumpUtility.php
Line:    59
-------------------------------------------- 
[Mar 12 2016 13:56:51] ERROR_HANDLER 
Number:  8
Message: unserialize(): Error at offset 0 of 30 bytes
File:    /Datos/Proyectos/vgrant_knote/wordpress-vagrant/www/in-awe/wp-content/plugins/all-in-one-wp-migration/lib/vendor/mysqldump-factory/mysqldump-factory/lib/MysqlDumpUtility.php
Line:    59
-------------------------------------------- 
[Mar 12 2016 13:56:51] ERROR_HANDLER 
Number:  8
Message: unserialize(): Error at offset 0 of 29 bytes
File:    /Datos/Proyectos/vgrant_knote/wordpress-vagrant/www/in-awe/wp-content/plugins/all-in-one-wp-migration/lib/vendor/mysqldump-factory/mysqldump-factory/lib/MysqlDumpUtility.php
Line:    59
-------------------------------------------- 
[Mar 12 2016 13:56:51] ERROR_HANDLER 
Number:  8
Message: unserialize(): Error at offset 0 of 961 bytes
File:    /Datos/Proyectos/vgrant_knote/wordpress-vagrant/www/in-awe/wp-content/plugins/all-in-one-wp-migration/lib/vendor/mysqldump-factory/mysqldump-factory/lib/MysqlDumpUtility.php
Line:    59
-------------------------------------------- 
[Mar 12 2016 13:56:51] ERROR_HANDLER 
Number:  8
Message: unserialize(): Error at offset 0 of 35 bytes
File:    /Datos/Proyectos/vgrant_knote/wordpress-vagrant/www/in-awe/wp-content/plugins/all-in-one-wp-migration/lib/vendor/mysqldump-factory/mysqldump-factory/lib/MysqlDumpUtility.php
Line:    59
-------------------------------------------- 
[Mar 12 2016 13:56:51] ERROR_HANDLER 
Number:  8
Message: unserialize(): Error at offset 0 of 29 bytes
File:    /Datos/Proyectos/vgrant_knote/wordpress-vagrant/www/in-awe/wp-content/plugins/all-in-one-wp-migration/lib/vendor/mysqldump-factory/mysqldump-factory/lib/MysqlDumpUtility.php
Line:    59
-------------------------------------------- 
[Mar 12 2016 13:56:51] ERROR_HANDLER 
Number:  8
Message: unserialize(): Error at offset 0 of 29 bytes
File:    /Datos/Proyectos/vgrant_knote/wordpress-vagrant/www/in-awe/wp-content/plugins/all-in-one-wp-migration/lib/vendor/mysqldump-factory/mysqldump-factory/lib/MysqlDumpUtility.php
Line:    59
-------------------------------------------- 
[Mar 12 2016 13:56:51] ERROR_HANDLER 
Number:  8
Message: unserialize(): Error at offset 0 of 29 bytes
File:    /Datos/Proyectos/vgrant_knote/wordpress-vagrant/www/in-awe/wp-content/plugins/all-in-one-wp-migration/lib/vendor/mysqldump-factory/mysqldump-factory/lib/MysqlDumpUtility.php
Line:    59
-------------------------------------------- 
[Mar 12 2016 13:56:51] ERROR_HANDLER 
Number:  8
Message: unserialize(): Error at offset 0 of 54 bytes
File:    /Datos/Proyectos/vgrant_knote/wordpress-vagrant/www/in-awe/wp-content/plugins/all-in-one-wp-migration/lib/vendor/mysqldump-factory/mysqldump-factory/lib/MysqlDumpUtility.php
Line:    59
-------------------------------------------- 
[Mar 12 2016 13:56:51] ERROR_HANDLER 
Number:  8
Message: unserialize(): Error at offset 0 of 54 bytes
File:    /Datos/Proyectos/vgrant_knote/wordpress-vagrant/www/in-awe/wp-content/plugins/all-in-one-wp-migration/lib/vendor/mysqldump-factory/mysqldump-factory/lib/MysqlDumpUtility.php
Line:    59
-------------------------------------------- 
[Mar 12 2016 13:56:51] ERROR_HANDLER 
Number:  8
Message: unserialize(): Error at offset 0 of 54 bytes
File:    /Datos/Proyectos/vgrant_knote/wordpress-vagrant/www/in-awe/wp-content/plugins/all-in-one-wp-migration/lib/vendor/mysqldump-factory/mysqldump-factory/lib/MysqlDumpUtility.php
Line:    59
-------------------------------------------- 
[Mar 12 2016 13:56:51] ERROR_HANDLER 
Number:  8
Message: unserialize(): Error at offset 0 of 54 bytes
File:    /Datos/Proyectos/vgrant_knote/wordpress-vagrant/www/in-awe/wp-content/plugins/all-in-one-wp-migration/lib/vendor/mysqldump-factory/mysqldump-factory/lib/MysqlDumpUtility.php
Line:    59
-------------------------------------------- 
[Mar 12 2016 13:56:51] ERROR_HANDLER 
Number:  8
Message: unserialize(): Error at offset 0 of 55 bytes
File:    /Datos/Proyectos/vgrant_knote/wordpress-vagrant/www/in-awe/wp-content/plugins/all-in-one-wp-migration/lib/vendor/mysqldump-factory/mysqldump-factory/lib/MysqlDumpUtility.php
Line:    59
-------------------------------------------- 
[Mar 12 2016 13:56:51] ERROR_HANDLER 
Number:  8
Message: unserialize(): Error at offset 0 of 55 bytes
File:    /Datos/Proyectos/vgrant_knote/wordpress-vagrant/www/in-awe/wp-content/plugins/all-in-one-wp-migration/lib/vendor/mysqldump-factory/mysqldump-factory/lib/MysqlDumpUtility.php
Line:    59
-------------------------------------------- 
[Mar 12 2016 13:56:51] ERROR_HANDLER 
Number:  8
Message: unserialize(): Error at offset 0 of 55 bytes
File:    /Datos/Proyectos/vgrant_knote/wordpress-vagrant/www/in-awe/wp-content/plugins/all-in-one-wp-migration/lib/vendor/mysqldump-factory/mysqldump-factory/lib/MysqlDumpUtility.php
Line:    59
-------------------------------------------- 
[Mar 12 2016 13:56:51] ERROR_HANDLER 
Number:  8
Message: unserialize(): Error at offset 0 of 30 bytes
File:    /Datos/Proyectos/vgrant_knote/wordpress-vagrant/www/in-awe/wp-content/plugins/all-in-one-wp-migration/lib/vendor/mysqldump-factory/mysqldump-factory/lib/MysqlDumpUtility.php
Line:    59
-------------------------------------------- 
[Mar 12 2016 13:56:51] ERROR_HANDLER 
Number:  8
Message: unserialize(): Error at offset 0 of 55 bytes
File:    /Datos/Proyectos/vgrant_knote/wordpress-vagrant/www/in-awe/wp-content/plugins/all-in-one-wp-migration/lib/vendor/mysqldump-factory/mysqldump-factory/lib/MysqlDumpUtility.php
Line:    59
-------------------------------------------- 
[Mar 12 2016 13:56:51] ERROR_HANDLER 
Number:  8
Message: unserialize(): Error at offset 0 of 55 bytes
File:    /Datos/Proyectos/vgrant_knote/wordpress-vagrant/www/in-awe/wp-content/plugins/all-in-one-wp-migration/lib/vendor/mysqldump-factory/mysqldump-factory/lib/MysqlDumpUtility.php
Line:    59
-------------------------------------------- 
[Mar 12 2016 13:56:51] ERROR_HANDLER 
Number:  8
Message: unserialize(): Error at offset 0 of 55 bytes
File:    /Datos/Proyectos/vgrant_knote/wordpress-vagrant/www/in-awe/wp-content/plugins/all-in-one-wp-migration/lib/vendor/mysqldump-factory/mysqldump-factory/lib/MysqlDumpUtility.php
Line:    59
-------------------------------------------- 
[Mar 12 2016 13:56:51] ERROR_HANDLER 
Number:  8
Message: unserialize(): Error at offset 0 of 55 bytes
File:    /Datos/Proyectos/vgrant_knote/wordpress-vagrant/www/in-awe/wp-content/plugins/all-in-one-wp-migration/lib/vendor/mysqldump-factory/mysqldump-factory/lib/MysqlDumpUtility.php
Line:    59
-------------------------------------------- 
[Mar 12 2016 13:56:51] ERROR_HANDLER 
Number:  8
Message: unserialize(): Error at offset 0 of 55 bytes
File:    /Datos/Proyectos/vgrant_knote/wordpress-vagrant/www/in-awe/wp-content/plugins/all-in-one-wp-migration/lib/vendor/mysqldump-factory/mysqldump-factory/lib/MysqlDumpUtility.php
Line:    59
-------------------------------------------- 
[Mar 12 2016 13:56:51] ERROR_HANDLER 
Number:  8
Message: unserialize(): Error at offset 0 of 55 bytes
File:    /Datos/Proyectos/vgrant_knote/wordpress-vagrant/www/in-awe/wp-content/plugins/all-in-one-wp-migration/lib/vendor/mysqldump-factory/mysqldump-factory/lib/MysqlDumpUtility.php
Line:    59
-------------------------------------------- 
[Mar 12 2016 13:56:51] ERROR_HANDLER 
Number:  8
Message: unserialize(): Error at offset 0 of 55 bytes
File:    /Datos/Proyectos/vgrant_knote/wordpress-vagrant/www/in-awe/wp-content/plugins/all-in-one-wp-migration/lib/vendor/mysqldump-factory/mysqldump-factory/lib/MysqlDumpUtility.php
Line:    59
-------------------------------------------- 
[Mar 12 2016 13:56:51] ERROR_HANDLER 
Number:  8
Message: unserialize(): Error at offset 0 of 55 bytes
File:    /Datos/Proyectos/vgrant_knote/wordpress-vagrant/www/in-awe/wp-content/plugins/all-in-one-wp-migration/lib/vendor/mysqldump-factory/mysqldump-factory/lib/MysqlDumpUtility.php
Line:    59
-------------------------------------------- 
[Mar 12 2016 13:56:51] ERROR_HANDLER 
Number:  8
Message: unserialize(): Error at offset 0 of 55 bytes
File:    /Datos/Proyectos/vgrant_knote/wordpress-vagrant/www/in-awe/wp-content/plugins/all-in-one-wp-migration/lib/vendor/mysqldump-factory/mysqldump-factory/lib/MysqlDumpUtility.php
Line:    59
-------------------------------------------- 
[Mar 12 2016 13:56:51] ERROR_HANDLER 
Number:  8
Message: unserialize(): Error at offset 0 of 55 bytes
File:    /Datos/Proyectos/vgrant_knote/wordpress-vagrant/www/in-awe/wp-content/plugins/all-in-one-wp-migration/lib/vendor/mysqldump-factory/mysqldump-factory/lib/MysqlDumpUtility.php
Line:    59
-------------------------------------------- 
[Mar 12 2016 13:56:51] ERROR_HANDLER 
Number:  8
Message: unserialize(): Error at offset 0 of 55 bytes
File:    /Datos/Proyectos/vgrant_knote/wordpress-vagrant/www/in-awe/wp-content/plugins/all-in-one-wp-migration/lib/vendor/mysqldump-factory/mysqldump-factory/lib/MysqlDumpUtility.php
Line:    59
-------------------------------------------- 
[Mar 12 2016 13:56:51] ERROR_HANDLER 
Number:  8
Message: unserialize(): Error at offset 0 of 55 bytes
File:    /Datos/Proyectos/vgrant_knote/wordpress-vagrant/www/in-awe/wp-content/plugins/all-in-one-wp-migration/lib/vendor/mysqldump-factory/mysqldump-factory/lib/MysqlDumpUtility.php
Line:    59
-------------------------------------------- 
[Mar 12 2016 13:56:51] ERROR_HANDLER 
Number:  8
Message: unserialize(): Error at offset 0 of 55 bytes
File:    /Datos/Proyectos/vgrant_knote/wordpress-vagrant/www/in-awe/wp-content/plugins/all-in-one-wp-migration/lib/vendor/mysqldump-factory/mysqldump-factory/lib/MysqlDumpUtility.php
Line:    59
-------------------------------------------- 
[Mar 12 2016 13:56:51] ERROR_HANDLER 
Number:  8
Message: unserialize(): Error at offset 0 of 55 bytes
File:    /Datos/Proyectos/vgrant_knote/wordpress-vagrant/www/in-awe/wp-content/plugins/all-in-one-wp-migration/lib/vendor/mysqldump-factory/mysqldump-factory/lib/MysqlDumpUtility.php
Line:    59
-------------------------------------------- 
[Mar 12 2016 13:56:51] ERROR_HANDLER 
Number:  8
Message: unserialize(): Error at offset 0 of 55 bytes
File:    /Datos/Proyectos/vgrant_knote/wordpress-vagrant/www/in-awe/wp-content/plugins/all-in-one-wp-migration/lib/vendor/mysqldump-factory/mysqldump-factory/lib/MysqlDumpUtility.php
Line:    59
-------------------------------------------- 
[Mar 12 2016 13:56:51] ERROR_HANDLER 
Number:  8
Message: unserialize(): Error at offset 0 of 55 bytes
File:    /Datos/Proyectos/vgrant_knote/wordpress-vagrant/www/in-awe/wp-content/plugins/all-in-one-wp-migration/lib/vendor/mysqldump-factory/mysqldump-factory/lib/MysqlDumpUtility.php
Line:    59
-------------------------------------------- 
[Mar 12 2016 13:56:51] ERROR_HANDLER 
Number:  8
Message: unserialize(): Error at offset 0 of 55 bytes
File:    /Datos/Proyectos/vgrant_knote/wordpress-vagrant/www/in-awe/wp-content/plugins/all-in-one-wp-migration/lib/vendor/mysqldump-factory/mysqldump-factory/lib/MysqlDumpUtility.php
Line:    59
-------------------------------------------- 
[Mar 12 2016 13:56:51] ERROR_HANDLER 
Number:  8
Message: unserialize(): Error at offset 0 of 55 bytes
File:    /Datos/Proyectos/vgrant_knote/wordpress-vagrant/www/in-awe/wp-content/plugins/all-in-one-wp-migration/lib/vendor/mysqldump-factory/mysqldump-factory/lib/MysqlDumpUtility.php
Line:    59
-------------------------------------------- 
[Mar 12 2016 13:56:51] ERROR_HANDLER 
Number:  8
Message: unserialize(): Error at offset 0 of 55 bytes
File:    /Datos/Proyectos/vgrant_knote/wordpress-vagrant/www/in-awe/wp-content/plugins/all-in-one-wp-migration/lib/vendor/mysqldump-factory/mysqldump-factory/lib/MysqlDumpUtility.php
Line:    59
-------------------------------------------- 
[Mar 12 2016 13:56:51] ERROR_HANDLER 
Number:  8
Message: unserialize(): Error at offset 0 of 55 bytes
File:    /Datos/Proyectos/vgrant_knote/wordpress-vagrant/www/in-awe/wp-content/plugins/all-in-one-wp-migration/lib/vendor/mysqldump-factory/mysqldump-factory/lib/MysqlDumpUtility.php
Line:    59
-------------------------------------------- 
[Mar 12 2016 13:56:51] ERROR_HANDLER 
Number:  8
Message: unserialize(): Error at offset 0 of 55 bytes
File:    /Datos/Proyectos/vgrant_knote/wordpress-vagrant/www/in-awe/wp-content/plugins/all-in-one-wp-migration/lib/vendor/mysqldump-factory/mysqldump-factory/lib/MysqlDumpUtility.php
Line:    59
-------------------------------------------- 
[Mar 12 2016 13:56:51] ERROR_HANDLER 
Number:  8
Message: unserialize(): Error at offset 0 of 55 bytes
File:    /Datos/Proyectos/vgrant_knote/wordpress-vagrant/www/in-awe/wp-content/plugins/all-in-one-wp-migration/lib/vendor/mysqldump-factory/mysqldump-factory/lib/MysqlDumpUtility.php
Line:    59
-------------------------------------------- 
[Mar 12 2016 13:56:51] ERROR_HANDLER 
Number:  8
Message: unserialize(): Error at offset 0 of 55 bytes
File:    /Datos/Proyectos/vgrant_knote/wordpress-vagrant/www/in-awe/wp-content/plugins/all-in-one-wp-migration/lib/vendor/mysqldump-factory/mysqldump-factory/lib/MysqlDumpUtility.php
Line:    59
-------------------------------------------- 
[Mar 12 2016 13:56:51] ERROR_HANDLER 
Number:  8
Message: unserialize(): Error at offset 0 of 55 bytes
File:    /Datos/Proyectos/vgrant_knote/wordpress-vagrant/www/in-awe/wp-content/plugins/all-in-one-wp-migration/lib/vendor/mysqldump-factory/mysqldump-factory/lib/MysqlDumpUtility.php
Line:    59
-------------------------------------------- 
[Mar 12 2016 13:56:51] ERROR_HANDLER 
Number:  8
Message: unserialize(): Error at offset 0 of 55 bytes
File:    /Datos/Proyectos/vgrant_knote/wordpress-vagrant/www/in-awe/wp-content/plugins/all-in-one-wp-migration/lib/vendor/mysqldump-factory/mysqldump-factory/lib/MysqlDumpUtility.php
Line:    59
-------------------------------------------- 
[Mar 12 2016 13:56:51] ERROR_HANDLER 
Number:  8
Message: unserialize(): Error at offset 0 of 55 bytes
File:    /Datos/Proyectos/vgrant_knote/wordpress-vagrant/www/in-awe/wp-content/plugins/all-in-one-wp-migration/lib/vendor/mysqldump-factory/mysqldump-factory/lib/MysqlDumpUtility.php
Line:    59
-------------------------------------------- 
[Mar 12 2016 13:56:51] ERROR_HANDLER 
Number:  8
Message: unserialize(): Error at offset 0 of 55 bytes
File:    /Datos/Proyectos/vgrant_knote/wordpress-vagrant/www/in-awe/wp-content/plugins/all-in-one-wp-migration/lib/vendor/mysqldump-factory/mysqldump-factory/lib/MysqlDumpUtility.php
Line:    59
-------------------------------------------- 
[Mar 12 2016 13:56:51] ERROR_HANDLER 
Number:  8
Message: unserialize(): Error at offset 0 of 55 bytes
File:    /Datos/Proyectos/vgrant_knote/wordpress-vagrant/www/in-awe/wp-content/plugins/all-in-one-wp-migration/lib/vendor/mysqldump-factory/mysqldump-factory/lib/MysqlDumpUtility.php
Line:    59
-------------------------------------------- 
[Mar 12 2016 13:56:51] ERROR_HANDLER 
Number:  8
Message: unserialize(): Error at offset 0 of 55 bytes
File:    /Datos/Proyectos/vgrant_knote/wordpress-vagrant/www/in-awe/wp-content/plugins/all-in-one-wp-migration/lib/vendor/mysqldump-factory/mysqldump-factory/lib/MysqlDumpUtility.php
Line:    59
-------------------------------------------- 
[Mar 12 2016 13:56:51] ERROR_HANDLER 
Number:  8
Message: unserialize(): Error at offset 0 of 65 bytes
File:    /Datos/Proyectos/vgrant_knote/wordpress-vagrant/www/in-awe/wp-content/plugins/all-in-one-wp-migration/lib/vendor/mysqldump-factory/mysqldump-factory/lib/MysqlDumpUtility.php
Line:    59
-------------------------------------------- 
[Mar 12 2016 13:56:51] ERROR_HANDLER 
Number:  8
Message: unserialize(): Error at offset 0 of 1167 bytes
File:    /Datos/Proyectos/vgrant_knote/wordpress-vagrant/www/in-awe/wp-content/plugins/all-in-one-wp-migration/lib/vendor/mysqldump-factory/mysqldump-factory/lib/MysqlDumpUtility.php
Line:    59
-------------------------------------------- 
[Mar 12 2016 13:56:51] ERROR_HANDLER 
Number:  8
Message: unserialize(): Error at offset 0 of 59 bytes
File:    /Datos/Proyectos/vgrant_knote/wordpress-vagrant/www/in-awe/wp-content/plugins/all-in-one-wp-migration/lib/vendor/mysqldump-factory/mysqldump-factory/lib/MysqlDumpUtility.php
Line:    59
-------------------------------------------- 
